
..* --- RootNode --- *

[GlobalScope]
VarTable: {n=[VarRegistry] INT|n}
FuncTable: {getInt=[FuncRegistry] name: getInt type: func, retType:INT args:, print=[FuncRegistry] name: print type: func, retType:VOID args:STRING , println=[FuncRegistry] name: println type: func, retType:VOID args:STRING , test=[FuncRegistry] name: test type: func, retType:INT args:, printInt=[FuncRegistry] name: printInt type: func, retType:VOID args:INT , printlnInt=[FuncRegistry] name: printlnInt type: func, retType:VOID args:INT , toString=[FuncRegistry] name: toString type: func, retType:STRING args:INT , main=[FuncRegistry] name: main type: func, retType:INT args:, getString=[FuncRegistry] name: getString type: func, retType:STRING args:}
ClassTable: {}

....* --- VarDefStmtNode --- *


......* --- VarDefSingleNode --- *

[VarRegistry] INT|n

....* --- FuncDefNode --- *

[FuncRegistry] name: test type: func, retType:INT args:

......* --- SuiteNode --- *

[NormalScope]
VarTable: {i=[VarRegistry] INT|i, j=[VarRegistry] INT|j, k=[VarRegistry] INT|k}

........* --- VarDefStmtNode --- *


..........* --- VarDefSingleNode --- *

[VarRegistry] INT|i

..........* --- VarDefSingleNode --- *

[VarRegistry] INT|j

............* --- AtomExpNode --- *

type: INT
text: n

..........* --- VarDefSingleNode --- *

[VarRegistry] INT|k

........* --- ForStmtNode --- *

init: 

..........* --- AssignExpNode --- *

type: INT

............* --- AtomExpNode --- *

type: INT
text: i

............* --- AtomExpNode --- *

type: INT
text: 0
condi: 

..........* --- BinaryExpNode --- *

type: BOOL
op: <

............* --- AtomExpNode --- *

type: INT
text: i

............* --- AtomExpNode --- *

type: INT
text: j
incr: 

..........* --- PostfixExpNode --- *

type: INT
op: ++

............* --- AtomExpNode --- *

type: INT
text: i
body: 

..........* --- SuiteStmtNode --- *


............* --- SuiteNode --- *

[NormalScope]
VarTable: {t10=[VarRegistry] INT|t10, t12=[VarRegistry] INT|t12, t11=[VarRegistry] INT|t11, t14=[VarRegistry] INT|t14, t13=[VarRegistry] INT|t13, t16=[VarRegistry] INT|t16, t15=[VarRegistry] INT|t15, t18=[VarRegistry] INT|t18, t17=[VarRegistry] INT|t17, t19=[VarRegistry] INT|t19, t21=[VarRegistry] INT|t21, t20=[VarRegistry] INT|t20, t23=[VarRegistry] INT|t23, t22=[VarRegistry] INT|t22, t25=[VarRegistry] INT|t25, t24=[VarRegistry] INT|t24, t27=[VarRegistry] INT|t27, t26=[VarRegistry] INT|t26, t29=[VarRegistry] INT|t29, t28=[VarRegistry] INT|t28, t0=[VarRegistry] INT|t0, t1=[VarRegistry] INT|t1, t2=[VarRegistry] INT|t2, t3=[VarRegistry] INT|t3, t4=[VarRegistry] INT|t4, t5=[VarRegistry] INT|t5, t6=[VarRegistry] INT|t6, t7=[VarRegistry] INT|t7, t8=[VarRegistry] INT|t8, t9=[VarRegistry] INT|t9, t30=[VarRegistry] INT|t30, t32=[VarRegistry] INT|t32, t31=[VarRegistry] INT|t31, t34=[VarRegistry] INT|t34, t33=[VarRegistry] INT|t33, t36=[VarRegistry] INT|t36, t35=[VarRegistry] INT|t35, t38=[VarRegistry] INT|t38, t37=[VarRegistry] INT|t37, t39=[VarRegistry] INT|t39, t41=[VarRegistry] INT|t41, t40=[VarRegistry] INT|t40, t43=[VarRegistry] INT|t43, t42=[VarRegistry] INT|t42, t45=[VarRegistry] INT|t45, t44=[VarRegistry] INT|t44, t47=[VarRegistry] INT|t47, t46=[VarRegistry] INT|t46, t49=[VarRegistry] INT|t49, t48=[VarRegistry] INT|t48}

..............* --- VarDefStmtNode --- *


................* --- VarDefSingleNode --- *

[VarRegistry] INT|t0

................* --- VarDefSingleNode --- *

[VarRegistry] INT|t1

................* --- VarDefSingleNode --- *

[VarRegistry] INT|t2

................* --- VarDefSingleNode --- *

[VarRegistry] INT|t3

................* --- VarDefSingleNode --- *

[VarRegistry] INT|t4

................* --- VarDefSingleNode --- *

[VarRegistry] INT|t5

................* --- VarDefSingleNode --- *

[VarRegistry] INT|t6

................* --- VarDefSingleNode --- *

[VarRegistry] INT|t7

................* --- VarDefSingleNode --- *

[VarRegistry] INT|t8

................* --- VarDefSingleNode --- *

[VarRegistry] INT|t9

................* --- VarDefSingleNode --- *

[VarRegistry] INT|t10

................* --- VarDefSingleNode --- *

[VarRegistry] INT|t11

................* --- VarDefSingleNode --- *

[VarRegistry] INT|t12

................* --- VarDefSingleNode --- *

[VarRegistry] INT|t13

................* --- VarDefSingleNode --- *

[VarRegistry] INT|t14

................* --- VarDefSingleNode --- *

[VarRegistry] INT|t15

................* --- VarDefSingleNode --- *

[VarRegistry] INT|t16

................* --- VarDefSingleNode --- *

[VarRegistry] INT|t17

................* --- VarDefSingleNode --- *

[VarRegistry] INT|t18

................* --- VarDefSingleNode --- *

[VarRegistry] INT|t19

................* --- VarDefSingleNode --- *

[VarRegistry] INT|t20

................* --- VarDefSingleNode --- *

[VarRegistry] INT|t21

................* --- VarDefSingleNode --- *

[VarRegistry] INT|t22

................* --- VarDefSingleNode --- *

[VarRegistry] INT|t23

................* --- VarDefSingleNode --- *

[VarRegistry] INT|t24

................* --- VarDefSingleNode --- *

[VarRegistry] INT|t25

................* --- VarDefSingleNode --- *

[VarRegistry] INT|t26

................* --- VarDefSingleNode --- *

[VarRegistry] INT|t27

................* --- VarDefSingleNode --- *

[VarRegistry] INT|t28

................* --- VarDefSingleNode --- *

[VarRegistry] INT|t29

................* --- VarDefSingleNode --- *

[VarRegistry] INT|t30

................* --- VarDefSingleNode --- *

[VarRegistry] INT|t31

................* --- VarDefSingleNode --- *

[VarRegistry] INT|t32

................* --- VarDefSingleNode --- *

[VarRegistry] INT|t33

................* --- VarDefSingleNode --- *

[VarRegistry] INT|t34

................* --- VarDefSingleNode --- *

[VarRegistry] INT|t35

................* --- VarDefSingleNode --- *

[VarRegistry] INT|t36

................* --- VarDefSingleNode --- *

[VarRegistry] INT|t37

................* --- VarDefSingleNode --- *

[VarRegistry] INT|t38

................* --- VarDefSingleNode --- *

[VarRegistry] INT|t39

................* --- VarDefSingleNode --- *

[VarRegistry] INT|t40

................* --- VarDefSingleNode --- *

[VarRegistry] INT|t41

................* --- VarDefSingleNode --- *

[VarRegistry] INT|t42

................* --- VarDefSingleNode --- *

[VarRegistry] INT|t43

................* --- VarDefSingleNode --- *

[VarRegistry] INT|t44

................* --- VarDefSingleNode --- *

[VarRegistry] INT|t45

................* --- VarDefSingleNode --- *

[VarRegistry] INT|t46

................* --- VarDefSingleNode --- *

[VarRegistry] INT|t47

................* --- VarDefSingleNode --- *

[VarRegistry] INT|t48

................* --- VarDefSingleNode --- *

[VarRegistry] INT|t49

..............* --- PureStmtNode --- *


................* --- AssignExpNode --- *

type: INT

..................* --- AtomExpNode --- *

type: INT
text: t0

..................* --- BinaryExpNode --- *

type: INT
op: +

....................* --- AtomExpNode --- *

type: INT
text: i

....................* --- AtomExpNode --- *

type: INT
text: 1

..............* --- PureStmtNode --- *


................* --- AssignExpNode --- *

type: INT

..................* --- AtomExpNode --- *

type: INT
text: t1

..................* --- AtomExpNode --- *

type: INT
text: t0

..............* --- PureStmtNode --- *


................* --- AssignExpNode --- *

type: INT

..................* --- AtomExpNode --- *

type: INT
text: t2

..................* --- AtomExpNode --- *

type: INT
text: t1

..............* --- PureStmtNode --- *


................* --- AssignExpNode --- *

type: INT

..................* --- AtomExpNode --- *

type: INT
text: t3

..................* --- AtomExpNode --- *

type: INT
text: t2

..............* --- PureStmtNode --- *


................* --- AssignExpNode --- *

type: INT

..................* --- AtomExpNode --- *

type: INT
text: t4

..................* --- AtomExpNode --- *

type: INT
text: t3

..............* --- PureStmtNode --- *


................* --- AssignExpNode --- *

type: INT

..................* --- AtomExpNode --- *

type: INT
text: t5

..................* --- AtomExpNode --- *

type: INT
text: t4

..............* --- PureStmtNode --- *


................* --- AssignExpNode --- *

type: INT

..................* --- AtomExpNode --- *

type: INT
text: t6

..................* --- AtomExpNode --- *

type: INT
text: t5

..............* --- PureStmtNode --- *


................* --- AssignExpNode --- *

type: INT

..................* --- AtomExpNode --- *

type: INT
text: t7

..................* --- AtomExpNode --- *

type: INT
text: t6

..............* --- PureStmtNode --- *


................* --- AssignExpNode --- *

type: INT

..................* --- AtomExpNode --- *

type: INT
text: t8

..................* --- AtomExpNode --- *

type: INT
text: t7

..............* --- PureStmtNode --- *


................* --- AssignExpNode --- *

type: INT

..................* --- AtomExpNode --- *

type: INT
text: t9

..................* --- AtomExpNode --- *

type: INT
text: t8

..............* --- PureStmtNode --- *


................* --- AssignExpNode --- *

type: INT

..................* --- AtomExpNode --- *

type: INT
text: t10

..................* --- AtomExpNode --- *

type: INT
text: t9

..............* --- PureStmtNode --- *


................* --- AssignExpNode --- *

type: INT

..................* --- AtomExpNode --- *

type: INT
text: t11

..................* --- AtomExpNode --- *

type: INT
text: t10

..............* --- PureStmtNode --- *


................* --- AssignExpNode --- *

type: INT

..................* --- AtomExpNode --- *

type: INT
text: t12

..................* --- AtomExpNode --- *

type: INT
text: t11

..............* --- PureStmtNode --- *


................* --- AssignExpNode --- *

type: INT

..................* --- AtomExpNode --- *

type: INT
text: t13

..................* --- AtomExpNode --- *

type: INT
text: t12

..............* --- PureStmtNode --- *


................* --- AssignExpNode --- *

type: INT

..................* --- AtomExpNode --- *

type: INT
text: t14

..................* --- AtomExpNode --- *

type: INT
text: t13

..............* --- PureStmtNode --- *


................* --- AssignExpNode --- *

type: INT

..................* --- AtomExpNode --- *

type: INT
text: t15

..................* --- AtomExpNode --- *

type: INT
text: t14

..............* --- PureStmtNode --- *


................* --- AssignExpNode --- *

type: INT

..................* --- AtomExpNode --- *

type: INT
text: t16

..................* --- AtomExpNode --- *

type: INT
text: t15

..............* --- PureStmtNode --- *


................* --- AssignExpNode --- *

type: INT

..................* --- AtomExpNode --- *

type: INT
text: t17

..................* --- AtomExpNode --- *

type: INT
text: t16

..............* --- PureStmtNode --- *


................* --- AssignExpNode --- *

type: INT

..................* --- AtomExpNode --- *

type: INT
text: t18

..................* --- AtomExpNode --- *

type: INT
text: t17

..............* --- PureStmtNode --- *


................* --- AssignExpNode --- *

type: INT

..................* --- AtomExpNode --- *

type: INT
text: t19

..................* --- AtomExpNode --- *

type: INT
text: t18

..............* --- PureStmtNode --- *


................* --- AssignExpNode --- *

type: INT

..................* --- AtomExpNode --- *

type: INT
text: t20

..................* --- AtomExpNode --- *

type: INT
text: t19

..............* --- PureStmtNode --- *


................* --- AssignExpNode --- *

type: INT

..................* --- AtomExpNode --- *

type: INT
text: t21

..................* --- AtomExpNode --- *

type: INT
text: t20

..............* --- PureStmtNode --- *


................* --- AssignExpNode --- *

type: INT

..................* --- AtomExpNode --- *

type: INT
text: t22

..................* --- AtomExpNode --- *

type: INT
text: t21

..............* --- PureStmtNode --- *


................* --- AssignExpNode --- *

type: INT

..................* --- AtomExpNode --- *

type: INT
text: t23

..................* --- AtomExpNode --- *

type: INT
text: t22

..............* --- PureStmtNode --- *


................* --- AssignExpNode --- *

type: INT

..................* --- AtomExpNode --- *

type: INT
text: t24

..................* --- AtomExpNode --- *

type: INT
text: t23

..............* --- PureStmtNode --- *


................* --- AssignExpNode --- *

type: INT

..................* --- AtomExpNode --- *

type: INT
text: t25

..................* --- AtomExpNode --- *

type: INT
text: t24

..............* --- PureStmtNode --- *


................* --- AssignExpNode --- *

type: INT

..................* --- AtomExpNode --- *

type: INT
text: t26

..................* --- AtomExpNode --- *

type: INT
text: t25

..............* --- PureStmtNode --- *


................* --- AssignExpNode --- *

type: INT

..................* --- AtomExpNode --- *

type: INT
text: t27

..................* --- AtomExpNode --- *

type: INT
text: t26

..............* --- PureStmtNode --- *


................* --- AssignExpNode --- *

type: INT

..................* --- AtomExpNode --- *

type: INT
text: t28

..................* --- AtomExpNode --- *

type: INT
text: t27

..............* --- PureStmtNode --- *


................* --- AssignExpNode --- *

type: INT

..................* --- AtomExpNode --- *

type: INT
text: t29

..................* --- AtomExpNode --- *

type: INT
text: t28

..............* --- PureStmtNode --- *


................* --- AssignExpNode --- *

type: INT

..................* --- AtomExpNode --- *

type: INT
text: t30

..................* --- AtomExpNode --- *

type: INT
text: t29

..............* --- PureStmtNode --- *


................* --- AssignExpNode --- *

type: INT

..................* --- AtomExpNode --- *

type: INT
text: t31

..................* --- AtomExpNode --- *

type: INT
text: t30

..............* --- PureStmtNode --- *


................* --- AssignExpNode --- *

type: INT

..................* --- AtomExpNode --- *

type: INT
text: t32

..................* --- AtomExpNode --- *

type: INT
text: t31

..............* --- PureStmtNode --- *


................* --- AssignExpNode --- *

type: INT

..................* --- AtomExpNode --- *

type: INT
text: t33

..................* --- AtomExpNode --- *

type: INT
text: t32

..............* --- PureStmtNode --- *


................* --- AssignExpNode --- *

type: INT

..................* --- AtomExpNode --- *

type: INT
text: t34

..................* --- AtomExpNode --- *

type: INT
text: t33

..............* --- PureStmtNode --- *


................* --- AssignExpNode --- *

type: INT

..................* --- AtomExpNode --- *

type: INT
text: t35

..................* --- AtomExpNode --- *

type: INT
text: t34

..............* --- PureStmtNode --- *


................* --- AssignExpNode --- *

type: INT

..................* --- AtomExpNode --- *

type: INT
text: t36

..................* --- AtomExpNode --- *

type: INT
text: t35

..............* --- PureStmtNode --- *


................* --- AssignExpNode --- *

type: INT

..................* --- AtomExpNode --- *

type: INT
text: t37

..................* --- AtomExpNode --- *

type: INT
text: t36

..............* --- PureStmtNode --- *


................* --- AssignExpNode --- *

type: INT

..................* --- AtomExpNode --- *

type: INT
text: t38

..................* --- AtomExpNode --- *

type: INT
text: t37

..............* --- PureStmtNode --- *


................* --- AssignExpNode --- *

type: INT

..................* --- AtomExpNode --- *

type: INT
text: t39

..................* --- AtomExpNode --- *

type: INT
text: t38

..............* --- PureStmtNode --- *


................* --- AssignExpNode --- *

type: INT

..................* --- AtomExpNode --- *

type: INT
text: t40

..................* --- AtomExpNode --- *

type: INT
text: t39

..............* --- PureStmtNode --- *


................* --- AssignExpNode --- *

type: INT

..................* --- AtomExpNode --- *

type: INT
text: t41

..................* --- AtomExpNode --- *

type: INT
text: t40

..............* --- PureStmtNode --- *


................* --- AssignExpNode --- *

type: INT

..................* --- AtomExpNode --- *

type: INT
text: t42

..................* --- AtomExpNode --- *

type: INT
text: t41

..............* --- PureStmtNode --- *


................* --- AssignExpNode --- *

type: INT

..................* --- AtomExpNode --- *

type: INT
text: t43

..................* --- AtomExpNode --- *

type: INT
text: t42

..............* --- PureStmtNode --- *


................* --- AssignExpNode --- *

type: INT

..................* --- AtomExpNode --- *

type: INT
text: t44

..................* --- AtomExpNode --- *

type: INT
text: t43

..............* --- PureStmtNode --- *


................* --- AssignExpNode --- *

type: INT

..................* --- AtomExpNode --- *

type: INT
text: t45

..................* --- AtomExpNode --- *

type: INT
text: t44

..............* --- PureStmtNode --- *


................* --- AssignExpNode --- *

type: INT

..................* --- AtomExpNode --- *

type: INT
text: t46

..................* --- AtomExpNode --- *

type: INT
text: t45

..............* --- PureStmtNode --- *


................* --- AssignExpNode --- *

type: INT

..................* --- AtomExpNode --- *

type: INT
text: t47

..................* --- AtomExpNode --- *

type: INT
text: t46

..............* --- PureStmtNode --- *


................* --- AssignExpNode --- *

type: INT

..................* --- AtomExpNode --- *

type: INT
text: t48

..................* --- AtomExpNode --- *

type: INT
text: t47

..............* --- PureStmtNode --- *


................* --- AssignExpNode --- *

type: INT

..................* --- AtomExpNode --- *

type: INT
text: t49

..................* --- AtomExpNode --- *

type: INT
text: t48

..............* --- PureStmtNode --- *


................* --- AssignExpNode --- *

type: INT

..................* --- AtomExpNode --- *

type: INT
text: t1

..................* --- AtomExpNode --- *

type: INT
text: t0

..............* --- PureStmtNode --- *


................* --- AssignExpNode --- *

type: INT

..................* --- AtomExpNode --- *

type: INT
text: t2

..................* --- AtomExpNode --- *

type: INT
text: t1

..............* --- PureStmtNode --- *


................* --- AssignExpNode --- *

type: INT

..................* --- AtomExpNode --- *

type: INT
text: t3

..................* --- AtomExpNode --- *

type: INT
text: t2

..............* --- PureStmtNode --- *


................* --- AssignExpNode --- *

type: INT

..................* --- AtomExpNode --- *

type: INT
text: t4

..................* --- AtomExpNode --- *

type: INT
text: t3

..............* --- PureStmtNode --- *


................* --- AssignExpNode --- *

type: INT

..................* --- AtomExpNode --- *

type: INT
text: t5

..................* --- AtomExpNode --- *

type: INT
text: t4

..............* --- PureStmtNode --- *


................* --- AssignExpNode --- *

type: INT

..................* --- AtomExpNode --- *

type: INT
text: t6

..................* --- AtomExpNode --- *

type: INT
text: t5

..............* --- PureStmtNode --- *


................* --- AssignExpNode --- *

type: INT

..................* --- AtomExpNode --- *

type: INT
text: t7

..................* --- AtomExpNode --- *

type: INT
text: t6

..............* --- PureStmtNode --- *


................* --- AssignExpNode --- *

type: INT

..................* --- AtomExpNode --- *

type: INT
text: t8

..................* --- AtomExpNode --- *

type: INT
text: t7

..............* --- PureStmtNode --- *


................* --- AssignExpNode --- *

type: INT

..................* --- AtomExpNode --- *

type: INT
text: t9

..................* --- AtomExpNode --- *

type: INT
text: t8

..............* --- PureStmtNode --- *


................* --- AssignExpNode --- *

type: INT

..................* --- AtomExpNode --- *

type: INT
text: t10

..................* --- AtomExpNode --- *

type: INT
text: t9

..............* --- PureStmtNode --- *


................* --- AssignExpNode --- *

type: INT

..................* --- AtomExpNode --- *

type: INT
text: t11

..................* --- AtomExpNode --- *

type: INT
text: t10

..............* --- PureStmtNode --- *


................* --- AssignExpNode --- *

type: INT

..................* --- AtomExpNode --- *

type: INT
text: t12

..................* --- AtomExpNode --- *

type: INT
text: t11

..............* --- PureStmtNode --- *


................* --- AssignExpNode --- *

type: INT

..................* --- AtomExpNode --- *

type: INT
text: t13

..................* --- AtomExpNode --- *

type: INT
text: t12

..............* --- PureStmtNode --- *


................* --- AssignExpNode --- *

type: INT

..................* --- AtomExpNode --- *

type: INT
text: t14

..................* --- AtomExpNode --- *

type: INT
text: t13

..............* --- PureStmtNode --- *


................* --- AssignExpNode --- *

type: INT

..................* --- AtomExpNode --- *

type: INT
text: t15

..................* --- AtomExpNode --- *

type: INT
text: t14

..............* --- PureStmtNode --- *


................* --- AssignExpNode --- *

type: INT

..................* --- AtomExpNode --- *

type: INT
text: t16

..................* --- AtomExpNode --- *

type: INT
text: t15

..............* --- PureStmtNode --- *


................* --- AssignExpNode --- *

type: INT

..................* --- AtomExpNode --- *

type: INT
text: t17

..................* --- AtomExpNode --- *

type: INT
text: t16

..............* --- PureStmtNode --- *


................* --- AssignExpNode --- *

type: INT

..................* --- AtomExpNode --- *

type: INT
text: t18

..................* --- AtomExpNode --- *

type: INT
text: t17

..............* --- PureStmtNode --- *


................* --- AssignExpNode --- *

type: INT

..................* --- AtomExpNode --- *

type: INT
text: t19

..................* --- AtomExpNode --- *

type: INT
text: t18

..............* --- PureStmtNode --- *


................* --- AssignExpNode --- *

type: INT

..................* --- AtomExpNode --- *

type: INT
text: t20

..................* --- AtomExpNode --- *

type: INT
text: t19

..............* --- PureStmtNode --- *


................* --- AssignExpNode --- *

type: INT

..................* --- AtomExpNode --- *

type: INT
text: t21

..................* --- AtomExpNode --- *

type: INT
text: t20

..............* --- PureStmtNode --- *


................* --- AssignExpNode --- *

type: INT

..................* --- AtomExpNode --- *

type: INT
text: t22

..................* --- AtomExpNode --- *

type: INT
text: t21

..............* --- PureStmtNode --- *


................* --- AssignExpNode --- *

type: INT

..................* --- AtomExpNode --- *

type: INT
text: t23

..................* --- AtomExpNode --- *

type: INT
text: t22

..............* --- PureStmtNode --- *


................* --- AssignExpNode --- *

type: INT

..................* --- AtomExpNode --- *

type: INT
text: t24

..................* --- AtomExpNode --- *

type: INT
text: t23

..............* --- PureStmtNode --- *


................* --- AssignExpNode --- *

type: INT

..................* --- AtomExpNode --- *

type: INT
text: t25

..................* --- AtomExpNode --- *

type: INT
text: t24

..............* --- PureStmtNode --- *


................* --- AssignExpNode --- *

type: INT

..................* --- AtomExpNode --- *

type: INT
text: t26

..................* --- AtomExpNode --- *

type: INT
text: t25

..............* --- PureStmtNode --- *


................* --- AssignExpNode --- *

type: INT

..................* --- AtomExpNode --- *

type: INT
text: t27

..................* --- AtomExpNode --- *

type: INT
text: t26

..............* --- PureStmtNode --- *


................* --- AssignExpNode --- *

type: INT

..................* --- AtomExpNode --- *

type: INT
text: t28

..................* --- AtomExpNode --- *

type: INT
text: t27

..............* --- PureStmtNode --- *


................* --- AssignExpNode --- *

type: INT

..................* --- AtomExpNode --- *

type: INT
text: t29

..................* --- AtomExpNode --- *

type: INT
text: t28

..............* --- PureStmtNode --- *


................* --- AssignExpNode --- *

type: INT

..................* --- AtomExpNode --- *

type: INT
text: t30

..................* --- AtomExpNode --- *

type: INT
text: t29

..............* --- PureStmtNode --- *


................* --- AssignExpNode --- *

type: INT

..................* --- AtomExpNode --- *

type: INT
text: t31

..................* --- AtomExpNode --- *

type: INT
text: t30

..............* --- PureStmtNode --- *


................* --- AssignExpNode --- *

type: INT

..................* --- AtomExpNode --- *

type: INT
text: t32

..................* --- AtomExpNode --- *

type: INT
text: t31

..............* --- PureStmtNode --- *


................* --- AssignExpNode --- *

type: INT

..................* --- AtomExpNode --- *

type: INT
text: t33

..................* --- AtomExpNode --- *

type: INT
text: t32

..............* --- PureStmtNode --- *


................* --- AssignExpNode --- *

type: INT

..................* --- AtomExpNode --- *

type: INT
text: t34

..................* --- AtomExpNode --- *

type: INT
text: t33

..............* --- PureStmtNode --- *


................* --- AssignExpNode --- *

type: INT

..................* --- AtomExpNode --- *

type: INT
text: t35

..................* --- AtomExpNode --- *

type: INT
text: t34

..............* --- PureStmtNode --- *


................* --- AssignExpNode --- *

type: INT

..................* --- AtomExpNode --- *

type: INT
text: t36

..................* --- AtomExpNode --- *

type: INT
text: t35

..............* --- PureStmtNode --- *


................* --- AssignExpNode --- *

type: INT

..................* --- AtomExpNode --- *

type: INT
text: t37

..................* --- AtomExpNode --- *

type: INT
text: t36

..............* --- PureStmtNode --- *


................* --- AssignExpNode --- *

type: INT

..................* --- AtomExpNode --- *

type: INT
text: t38

..................* --- AtomExpNode --- *

type: INT
text: t37

..............* --- PureStmtNode --- *


................* --- AssignExpNode --- *

type: INT

..................* --- AtomExpNode --- *

type: INT
text: t39

..................* --- AtomExpNode --- *

type: INT
text: t38

..............* --- PureStmtNode --- *


................* --- AssignExpNode --- *

type: INT

..................* --- AtomExpNode --- *

type: INT
text: t40

..................* --- AtomExpNode --- *

type: INT
text: t39

..............* --- PureStmtNode --- *


................* --- AssignExpNode --- *

type: INT

..................* --- AtomExpNode --- *

type: INT
text: t41

..................* --- AtomExpNode --- *

type: INT
text: t40

..............* --- PureStmtNode --- *


................* --- AssignExpNode --- *

type: INT

..................* --- AtomExpNode --- *

type: INT
text: t42

..................* --- AtomExpNode --- *

type: INT
text: t41

..............* --- PureStmtNode --- *


................* --- AssignExpNode --- *

type: INT

..................* --- AtomExpNode --- *

type: INT
text: t43

..................* --- AtomExpNode --- *

type: INT
text: t42

..............* --- PureStmtNode --- *


................* --- AssignExpNode --- *

type: INT

..................* --- AtomExpNode --- *

type: INT
text: t44

..................* --- AtomExpNode --- *

type: INT
text: t43

..............* --- PureStmtNode --- *


................* --- AssignExpNode --- *

type: INT

..................* --- AtomExpNode --- *

type: INT
text: t45

..................* --- AtomExpNode --- *

type: INT
text: t44

..............* --- PureStmtNode --- *


................* --- AssignExpNode --- *

type: INT

..................* --- AtomExpNode --- *

type: INT
text: t46

..................* --- AtomExpNode --- *

type: INT
text: t45

..............* --- PureStmtNode --- *


................* --- AssignExpNode --- *

type: INT

..................* --- AtomExpNode --- *

type: INT
text: t47

..................* --- AtomExpNode --- *

type: INT
text: t46

..............* --- PureStmtNode --- *


................* --- AssignExpNode --- *

type: INT

..................* --- AtomExpNode --- *

type: INT
text: t48

..................* --- AtomExpNode --- *

type: INT
text: t47

..............* --- PureStmtNode --- *


................* --- AssignExpNode --- *

type: INT

..................* --- AtomExpNode --- *

type: INT
text: t49

..................* --- AtomExpNode --- *

type: INT
text: t48

..............* --- PureStmtNode --- *


................* --- AssignExpNode --- *

type: INT

..................* --- AtomExpNode --- *

type: INT
text: t1

..................* --- AtomExpNode --- *

type: INT
text: t0

..............* --- PureStmtNode --- *


................* --- AssignExpNode --- *

type: INT

..................* --- AtomExpNode --- *

type: INT
text: t2

..................* --- AtomExpNode --- *

type: INT
text: t1

..............* --- PureStmtNode --- *


................* --- AssignExpNode --- *

type: INT

..................* --- AtomExpNode --- *

type: INT
text: t3

..................* --- AtomExpNode --- *

type: INT
text: t2

..............* --- PureStmtNode --- *


................* --- AssignExpNode --- *

type: INT

..................* --- AtomExpNode --- *

type: INT
text: t4

..................* --- AtomExpNode --- *

type: INT
text: t3

..............* --- PureStmtNode --- *


................* --- AssignExpNode --- *

type: INT

..................* --- AtomExpNode --- *

type: INT
text: t5

..................* --- AtomExpNode --- *

type: INT
text: t4

..............* --- PureStmtNode --- *


................* --- AssignExpNode --- *

type: INT

..................* --- AtomExpNode --- *

type: INT
text: t6

..................* --- AtomExpNode --- *

type: INT
text: t5

..............* --- PureStmtNode --- *


................* --- AssignExpNode --- *

type: INT

..................* --- AtomExpNode --- *

type: INT
text: t7

..................* --- AtomExpNode --- *

type: INT
text: t6

..............* --- PureStmtNode --- *


................* --- AssignExpNode --- *

type: INT

..................* --- AtomExpNode --- *

type: INT
text: t8

..................* --- AtomExpNode --- *

type: INT
text: t7

..............* --- PureStmtNode --- *


................* --- AssignExpNode --- *

type: INT

..................* --- AtomExpNode --- *

type: INT
text: t9

..................* --- AtomExpNode --- *

type: INT
text: t8

..............* --- PureStmtNode --- *


................* --- AssignExpNode --- *

type: INT

..................* --- AtomExpNode --- *

type: INT
text: t10

..................* --- AtomExpNode --- *

type: INT
text: t9

..............* --- PureStmtNode --- *


................* --- AssignExpNode --- *

type: INT

..................* --- AtomExpNode --- *

type: INT
text: t11

..................* --- AtomExpNode --- *

type: INT
text: t10

..............* --- PureStmtNode --- *


................* --- AssignExpNode --- *

type: INT

..................* --- AtomExpNode --- *

type: INT
text: t12

..................* --- AtomExpNode --- *

type: INT
text: t11

..............* --- PureStmtNode --- *


................* --- AssignExpNode --- *

type: INT

..................* --- AtomExpNode --- *

type: INT
text: t13

..................* --- AtomExpNode --- *

type: INT
text: t12

..............* --- PureStmtNode --- *


................* --- AssignExpNode --- *

type: INT

..................* --- AtomExpNode --- *

type: INT
text: t14

..................* --- AtomExpNode --- *

type: INT
text: t13

..............* --- PureStmtNode --- *


................* --- AssignExpNode --- *

type: INT

..................* --- AtomExpNode --- *

type: INT
text: t15

..................* --- AtomExpNode --- *

type: INT
text: t14

..............* --- PureStmtNode --- *


................* --- AssignExpNode --- *

type: INT

..................* --- AtomExpNode --- *

type: INT
text: t16

..................* --- AtomExpNode --- *

type: INT
text: t15

..............* --- PureStmtNode --- *


................* --- AssignExpNode --- *

type: INT

..................* --- AtomExpNode --- *

type: INT
text: t17

..................* --- AtomExpNode --- *

type: INT
text: t16

..............* --- PureStmtNode --- *


................* --- AssignExpNode --- *

type: INT

..................* --- AtomExpNode --- *

type: INT
text: t18

..................* --- AtomExpNode --- *

type: INT
text: t17

..............* --- PureStmtNode --- *


................* --- AssignExpNode --- *

type: INT

..................* --- AtomExpNode --- *

type: INT
text: t19

..................* --- AtomExpNode --- *

type: INT
text: t18

..............* --- PureStmtNode --- *


................* --- AssignExpNode --- *

type: INT

..................* --- AtomExpNode --- *

type: INT
text: t20

..................* --- AtomExpNode --- *

type: INT
text: t19

..............* --- PureStmtNode --- *


................* --- AssignExpNode --- *

type: INT

..................* --- AtomExpNode --- *

type: INT
text: t21

..................* --- AtomExpNode --- *

type: INT
text: t20

..............* --- PureStmtNode --- *


................* --- AssignExpNode --- *

type: INT

..................* --- AtomExpNode --- *

type: INT
text: t22

..................* --- AtomExpNode --- *

type: INT
text: t21

..............* --- PureStmtNode --- *


................* --- AssignExpNode --- *

type: INT

..................* --- AtomExpNode --- *

type: INT
text: t23

..................* --- AtomExpNode --- *

type: INT
text: t22

..............* --- PureStmtNode --- *


................* --- AssignExpNode --- *

type: INT

..................* --- AtomExpNode --- *

type: INT
text: t24

..................* --- AtomExpNode --- *

type: INT
text: t23

..............* --- PureStmtNode --- *


................* --- AssignExpNode --- *

type: INT

..................* --- AtomExpNode --- *

type: INT
text: t25

..................* --- AtomExpNode --- *

type: INT
text: t24

..............* --- PureStmtNode --- *


................* --- AssignExpNode --- *

type: INT

..................* --- AtomExpNode --- *

type: INT
text: t26

..................* --- AtomExpNode --- *

type: INT
text: t25

..............* --- PureStmtNode --- *


................* --- AssignExpNode --- *

type: INT

..................* --- AtomExpNode --- *

type: INT
text: t27

..................* --- AtomExpNode --- *

type: INT
text: t26

..............* --- PureStmtNode --- *


................* --- AssignExpNode --- *

type: INT

..................* --- AtomExpNode --- *

type: INT
text: t28

..................* --- AtomExpNode --- *

type: INT
text: t27

..............* --- PureStmtNode --- *


................* --- AssignExpNode --- *

type: INT

..................* --- AtomExpNode --- *

type: INT
text: t29

..................* --- AtomExpNode --- *

type: INT
text: t28

..............* --- PureStmtNode --- *


................* --- AssignExpNode --- *

type: INT

..................* --- AtomExpNode --- *

type: INT
text: t30

..................* --- AtomExpNode --- *

type: INT
text: t29

..............* --- PureStmtNode --- *


................* --- AssignExpNode --- *

type: INT

..................* --- AtomExpNode --- *

type: INT
text: t31

..................* --- AtomExpNode --- *

type: INT
text: t30

..............* --- PureStmtNode --- *


................* --- AssignExpNode --- *

type: INT

..................* --- AtomExpNode --- *

type: INT
text: t32

..................* --- AtomExpNode --- *

type: INT
text: t31

..............* --- PureStmtNode --- *


................* --- AssignExpNode --- *

type: INT

..................* --- AtomExpNode --- *

type: INT
text: t33

..................* --- AtomExpNode --- *

type: INT
text: t32

..............* --- PureStmtNode --- *


................* --- AssignExpNode --- *

type: INT

..................* --- AtomExpNode --- *

type: INT
text: t34

..................* --- AtomExpNode --- *

type: INT
text: t33

..............* --- PureStmtNode --- *


................* --- AssignExpNode --- *

type: INT

..................* --- AtomExpNode --- *

type: INT
text: t35

..................* --- AtomExpNode --- *

type: INT
text: t34

..............* --- PureStmtNode --- *


................* --- AssignExpNode --- *

type: INT

..................* --- AtomExpNode --- *

type: INT
text: t36

..................* --- AtomExpNode --- *

type: INT
text: t35

..............* --- PureStmtNode --- *


................* --- AssignExpNode --- *

type: INT

..................* --- AtomExpNode --- *

type: INT
text: t37

..................* --- AtomExpNode --- *

type: INT
text: t36

..............* --- PureStmtNode --- *


................* --- AssignExpNode --- *

type: INT

..................* --- AtomExpNode --- *

type: INT
text: t38

..................* --- AtomExpNode --- *

type: INT
text: t37

..............* --- PureStmtNode --- *


................* --- AssignExpNode --- *

type: INT

..................* --- AtomExpNode --- *

type: INT
text: t39

..................* --- AtomExpNode --- *

type: INT
text: t38

..............* --- PureStmtNode --- *


................* --- AssignExpNode --- *

type: INT

..................* --- AtomExpNode --- *

type: INT
text: t40

..................* --- AtomExpNode --- *

type: INT
text: t39

..............* --- PureStmtNode --- *


................* --- AssignExpNode --- *

type: INT

..................* --- AtomExpNode --- *

type: INT
text: t41

..................* --- AtomExpNode --- *

type: INT
text: t40

..............* --- PureStmtNode --- *


................* --- AssignExpNode --- *

type: INT

..................* --- AtomExpNode --- *

type: INT
text: t42

..................* --- AtomExpNode --- *

type: INT
text: t41

..............* --- PureStmtNode --- *


................* --- AssignExpNode --- *

type: INT

..................* --- AtomExpNode --- *

type: INT
text: t43

..................* --- AtomExpNode --- *

type: INT
text: t42

..............* --- PureStmtNode --- *


................* --- AssignExpNode --- *

type: INT

..................* --- AtomExpNode --- *

type: INT
text: t44

..................* --- AtomExpNode --- *

type: INT
text: t43

..............* --- PureStmtNode --- *


................* --- AssignExpNode --- *

type: INT

..................* --- AtomExpNode --- *

type: INT
text: t45

..................* --- AtomExpNode --- *

type: INT
text: t44

..............* --- PureStmtNode --- *


................* --- AssignExpNode --- *

type: INT

..................* --- AtomExpNode --- *

type: INT
text: t46

..................* --- AtomExpNode --- *

type: INT
text: t45

..............* --- PureStmtNode --- *


................* --- AssignExpNode --- *

type: INT

..................* --- AtomExpNode --- *

type: INT
text: t47

..................* --- AtomExpNode --- *

type: INT
text: t46

..............* --- PureStmtNode --- *


................* --- AssignExpNode --- *

type: INT

..................* --- AtomExpNode --- *

type: INT
text: t48

..................* --- AtomExpNode --- *

type: INT
text: t47

..............* --- PureStmtNode --- *


................* --- AssignExpNode --- *

type: INT

..................* --- AtomExpNode --- *

type: INT
text: t49

..................* --- AtomExpNode --- *

type: INT
text: t48

..............* --- PureStmtNode --- *


................* --- AssignExpNode --- *

type: INT

..................* --- AtomExpNode --- *

type: INT
text: t1

..................* --- AtomExpNode --- *

type: INT
text: t0

..............* --- PureStmtNode --- *


................* --- AssignExpNode --- *

type: INT

..................* --- AtomExpNode --- *

type: INT
text: t2

..................* --- AtomExpNode --- *

type: INT
text: t1

..............* --- PureStmtNode --- *


................* --- AssignExpNode --- *

type: INT

..................* --- AtomExpNode --- *

type: INT
text: t3

..................* --- AtomExpNode --- *

type: INT
text: t2

..............* --- PureStmtNode --- *


................* --- AssignExpNode --- *

type: INT

..................* --- AtomExpNode --- *

type: INT
text: t4

..................* --- AtomExpNode --- *

type: INT
text: t3

..............* --- PureStmtNode --- *


................* --- AssignExpNode --- *

type: INT

..................* --- AtomExpNode --- *

type: INT
text: t5

..................* --- AtomExpNode --- *

type: INT
text: t4

..............* --- PureStmtNode --- *


................* --- AssignExpNode --- *

type: INT

..................* --- AtomExpNode --- *

type: INT
text: t6

..................* --- AtomExpNode --- *

type: INT
text: t5

..............* --- PureStmtNode --- *


................* --- AssignExpNode --- *

type: INT

..................* --- AtomExpNode --- *

type: INT
text: t7

..................* --- AtomExpNode --- *

type: INT
text: t6

..............* --- PureStmtNode --- *


................* --- AssignExpNode --- *

type: INT

..................* --- AtomExpNode --- *

type: INT
text: t8

..................* --- AtomExpNode --- *

type: INT
text: t7

..............* --- PureStmtNode --- *


................* --- AssignExpNode --- *

type: INT

..................* --- AtomExpNode --- *

type: INT
text: t9

..................* --- AtomExpNode --- *

type: INT
text: t8

..............* --- PureStmtNode --- *


................* --- AssignExpNode --- *

type: INT

..................* --- AtomExpNode --- *

type: INT
text: t10

..................* --- AtomExpNode --- *

type: INT
text: t9

..............* --- PureStmtNode --- *


................* --- AssignExpNode --- *

type: INT

..................* --- AtomExpNode --- *

type: INT
text: t11

..................* --- AtomExpNode --- *

type: INT
text: t10

..............* --- PureStmtNode --- *


................* --- AssignExpNode --- *

type: INT

..................* --- AtomExpNode --- *

type: INT
text: t12

..................* --- AtomExpNode --- *

type: INT
text: t11

..............* --- PureStmtNode --- *


................* --- AssignExpNode --- *

type: INT

..................* --- AtomExpNode --- *

type: INT
text: t13

..................* --- AtomExpNode --- *

type: INT
text: t12

..............* --- PureStmtNode --- *


................* --- AssignExpNode --- *

type: INT

..................* --- AtomExpNode --- *

type: INT
text: t14

..................* --- AtomExpNode --- *

type: INT
text: t13

..............* --- PureStmtNode --- *


................* --- AssignExpNode --- *

type: INT

..................* --- AtomExpNode --- *

type: INT
text: t15

..................* --- AtomExpNode --- *

type: INT
text: t14

..............* --- PureStmtNode --- *


................* --- AssignExpNode --- *

type: INT

..................* --- AtomExpNode --- *

type: INT
text: t16

..................* --- AtomExpNode --- *

type: INT
text: t15

..............* --- PureStmtNode --- *


................* --- AssignExpNode --- *

type: INT

..................* --- AtomExpNode --- *

type: INT
text: t17

..................* --- AtomExpNode --- *

type: INT
text: t16

..............* --- PureStmtNode --- *


................* --- AssignExpNode --- *

type: INT

..................* --- AtomExpNode --- *

type: INT
text: t18

..................* --- AtomExpNode --- *

type: INT
text: t17

..............* --- PureStmtNode --- *


................* --- AssignExpNode --- *

type: INT

..................* --- AtomExpNode --- *

type: INT
text: t19

..................* --- AtomExpNode --- *

type: INT
text: t18

..............* --- PureStmtNode --- *


................* --- AssignExpNode --- *

type: INT

..................* --- AtomExpNode --- *

type: INT
text: t20

..................* --- AtomExpNode --- *

type: INT
text: t19

..............* --- PureStmtNode --- *


................* --- AssignExpNode --- *

type: INT

..................* --- AtomExpNode --- *

type: INT
text: t21

..................* --- AtomExpNode --- *

type: INT
text: t20

..............* --- PureStmtNode --- *


................* --- AssignExpNode --- *

type: INT

..................* --- AtomExpNode --- *

type: INT
text: t22

..................* --- AtomExpNode --- *

type: INT
text: t21

..............* --- PureStmtNode --- *


................* --- AssignExpNode --- *

type: INT

..................* --- AtomExpNode --- *

type: INT
text: t23

..................* --- AtomExpNode --- *

type: INT
text: t22

..............* --- PureStmtNode --- *


................* --- AssignExpNode --- *

type: INT

..................* --- AtomExpNode --- *

type: INT
text: t24

..................* --- AtomExpNode --- *

type: INT
text: t23

..............* --- PureStmtNode --- *


................* --- AssignExpNode --- *

type: INT

..................* --- AtomExpNode --- *

type: INT
text: t25

..................* --- AtomExpNode --- *

type: INT
text: t24

..............* --- PureStmtNode --- *


................* --- AssignExpNode --- *

type: INT

..................* --- AtomExpNode --- *

type: INT
text: t26

..................* --- AtomExpNode --- *

type: INT
text: t25

..............* --- PureStmtNode --- *


................* --- AssignExpNode --- *

type: INT

..................* --- AtomExpNode --- *

type: INT
text: t27

..................* --- AtomExpNode --- *

type: INT
text: t26

..............* --- PureStmtNode --- *


................* --- AssignExpNode --- *

type: INT

..................* --- AtomExpNode --- *

type: INT
text: t28

..................* --- AtomExpNode --- *

type: INT
text: t27

..............* --- PureStmtNode --- *


................* --- AssignExpNode --- *

type: INT

..................* --- AtomExpNode --- *

type: INT
text: t29

..................* --- AtomExpNode --- *

type: INT
text: t28

..............* --- PureStmtNode --- *


................* --- AssignExpNode --- *

type: INT

..................* --- AtomExpNode --- *

type: INT
text: t30

..................* --- AtomExpNode --- *

type: INT
text: t29

..............* --- PureStmtNode --- *


................* --- AssignExpNode --- *

type: INT

..................* --- AtomExpNode --- *

type: INT
text: t31

..................* --- AtomExpNode --- *

type: INT
text: t30

..............* --- PureStmtNode --- *


................* --- AssignExpNode --- *

type: INT

..................* --- AtomExpNode --- *

type: INT
text: t32

..................* --- AtomExpNode --- *

type: INT
text: t31

..............* --- PureStmtNode --- *


................* --- AssignExpNode --- *

type: INT

..................* --- AtomExpNode --- *

type: INT
text: t33

..................* --- AtomExpNode --- *

type: INT
text: t32

..............* --- PureStmtNode --- *


................* --- AssignExpNode --- *

type: INT

..................* --- AtomExpNode --- *

type: INT
text: t34

..................* --- AtomExpNode --- *

type: INT
text: t33

..............* --- PureStmtNode --- *


................* --- AssignExpNode --- *

type: INT

..................* --- AtomExpNode --- *

type: INT
text: t35

..................* --- AtomExpNode --- *

type: INT
text: t34

..............* --- PureStmtNode --- *


................* --- AssignExpNode --- *

type: INT

..................* --- AtomExpNode --- *

type: INT
text: t36

..................* --- AtomExpNode --- *

type: INT
text: t35

..............* --- PureStmtNode --- *


................* --- AssignExpNode --- *

type: INT

..................* --- AtomExpNode --- *

type: INT
text: t37

..................* --- AtomExpNode --- *

type: INT
text: t36

..............* --- PureStmtNode --- *


................* --- AssignExpNode --- *

type: INT

..................* --- AtomExpNode --- *

type: INT
text: t38

..................* --- AtomExpNode --- *

type: INT
text: t37

..............* --- PureStmtNode --- *


................* --- AssignExpNode --- *

type: INT

..................* --- AtomExpNode --- *

type: INT
text: t39

..................* --- AtomExpNode --- *

type: INT
text: t38

..............* --- PureStmtNode --- *


................* --- AssignExpNode --- *

type: INT

..................* --- AtomExpNode --- *

type: INT
text: t40

..................* --- AtomExpNode --- *

type: INT
text: t39

..............* --- PureStmtNode --- *


................* --- AssignExpNode --- *

type: INT

..................* --- AtomExpNode --- *

type: INT
text: t41

..................* --- AtomExpNode --- *

type: INT
text: t40

..............* --- PureStmtNode --- *


................* --- AssignExpNode --- *

type: INT

..................* --- AtomExpNode --- *

type: INT
text: t42

..................* --- AtomExpNode --- *

type: INT
text: t41

..............* --- PureStmtNode --- *


................* --- AssignExpNode --- *

type: INT

..................* --- AtomExpNode --- *

type: INT
text: t43

..................* --- AtomExpNode --- *

type: INT
text: t42

..............* --- PureStmtNode --- *


................* --- AssignExpNode --- *

type: INT

..................* --- AtomExpNode --- *

type: INT
text: t44

..................* --- AtomExpNode --- *

type: INT
text: t43

..............* --- PureStmtNode --- *


................* --- AssignExpNode --- *

type: INT

..................* --- AtomExpNode --- *

type: INT
text: t45

..................* --- AtomExpNode --- *

type: INT
text: t44

..............* --- PureStmtNode --- *


................* --- AssignExpNode --- *

type: INT

..................* --- AtomExpNode --- *

type: INT
text: t46

..................* --- AtomExpNode --- *

type: INT
text: t45

..............* --- PureStmtNode --- *


................* --- AssignExpNode --- *

type: INT

..................* --- AtomExpNode --- *

type: INT
text: t47

..................* --- AtomExpNode --- *

type: INT
text: t46

..............* --- PureStmtNode --- *


................* --- AssignExpNode --- *

type: INT

..................* --- AtomExpNode --- *

type: INT
text: t48

..................* --- AtomExpNode --- *

type: INT
text: t47

..............* --- PureStmtNode --- *


................* --- AssignExpNode --- *

type: INT

..................* --- AtomExpNode --- *

type: INT
text: t49

..................* --- AtomExpNode --- *

type: INT
text: t48

..............* --- PureStmtNode --- *


................* --- AssignExpNode --- *

type: INT

..................* --- AtomExpNode --- *

type: INT
text: t1

..................* --- AtomExpNode --- *

type: INT
text: t0

..............* --- PureStmtNode --- *


................* --- AssignExpNode --- *

type: INT

..................* --- AtomExpNode --- *

type: INT
text: t2

..................* --- AtomExpNode --- *

type: INT
text: t1

..............* --- PureStmtNode --- *


................* --- AssignExpNode --- *

type: INT

..................* --- AtomExpNode --- *

type: INT
text: t3

..................* --- AtomExpNode --- *

type: INT
text: t2

..............* --- PureStmtNode --- *


................* --- AssignExpNode --- *

type: INT

..................* --- AtomExpNode --- *

type: INT
text: t4

..................* --- AtomExpNode --- *

type: INT
text: t3

..............* --- PureStmtNode --- *


................* --- AssignExpNode --- *

type: INT

..................* --- AtomExpNode --- *

type: INT
text: t5

..................* --- AtomExpNode --- *

type: INT
text: t4

..............* --- PureStmtNode --- *


................* --- AssignExpNode --- *

type: INT

..................* --- AtomExpNode --- *

type: INT
text: t6

..................* --- AtomExpNode --- *

type: INT
text: t5

..............* --- PureStmtNode --- *


................* --- AssignExpNode --- *

type: INT

..................* --- AtomExpNode --- *

type: INT
text: t7

..................* --- AtomExpNode --- *

type: INT
text: t6

..............* --- PureStmtNode --- *


................* --- AssignExpNode --- *

type: INT

..................* --- AtomExpNode --- *

type: INT
text: t8

..................* --- AtomExpNode --- *

type: INT
text: t7

..............* --- PureStmtNode --- *


................* --- AssignExpNode --- *

type: INT

..................* --- AtomExpNode --- *

type: INT
text: t9

..................* --- AtomExpNode --- *

type: INT
text: t8

..............* --- PureStmtNode --- *


................* --- AssignExpNode --- *

type: INT

..................* --- AtomExpNode --- *

type: INT
text: t10

..................* --- AtomExpNode --- *

type: INT
text: t9

..............* --- PureStmtNode --- *


................* --- AssignExpNode --- *

type: INT

..................* --- AtomExpNode --- *

type: INT
text: t11

..................* --- AtomExpNode --- *

type: INT
text: t10

..............* --- PureStmtNode --- *


................* --- AssignExpNode --- *

type: INT

..................* --- AtomExpNode --- *

type: INT
text: t12

..................* --- AtomExpNode --- *

type: INT
text: t11

..............* --- PureStmtNode --- *


................* --- AssignExpNode --- *

type: INT

..................* --- AtomExpNode --- *

type: INT
text: t13

..................* --- AtomExpNode --- *

type: INT
text: t12

..............* --- PureStmtNode --- *


................* --- AssignExpNode --- *

type: INT

..................* --- AtomExpNode --- *

type: INT
text: t14

..................* --- AtomExpNode --- *

type: INT
text: t13

..............* --- PureStmtNode --- *


................* --- AssignExpNode --- *

type: INT

..................* --- AtomExpNode --- *

type: INT
text: t15

..................* --- AtomExpNode --- *

type: INT
text: t14

..............* --- PureStmtNode --- *


................* --- AssignExpNode --- *

type: INT

..................* --- AtomExpNode --- *

type: INT
text: t16

..................* --- AtomExpNode --- *

type: INT
text: t15

..............* --- PureStmtNode --- *


................* --- AssignExpNode --- *

type: INT

..................* --- AtomExpNode --- *

type: INT
text: t17

..................* --- AtomExpNode --- *

type: INT
text: t16

..............* --- PureStmtNode --- *


................* --- AssignExpNode --- *

type: INT

..................* --- AtomExpNode --- *

type: INT
text: t18

..................* --- AtomExpNode --- *

type: INT
text: t17

..............* --- PureStmtNode --- *


................* --- AssignExpNode --- *

type: INT

..................* --- AtomExpNode --- *

type: INT
text: t19

..................* --- AtomExpNode --- *

type: INT
text: t18

..............* --- PureStmtNode --- *


................* --- AssignExpNode --- *

type: INT

..................* --- AtomExpNode --- *

type: INT
text: t20

..................* --- AtomExpNode --- *

type: INT
text: t19

..............* --- PureStmtNode --- *


................* --- AssignExpNode --- *

type: INT

..................* --- AtomExpNode --- *

type: INT
text: t21

..................* --- AtomExpNode --- *

type: INT
text: t20

..............* --- PureStmtNode --- *


................* --- AssignExpNode --- *

type: INT

..................* --- AtomExpNode --- *

type: INT
text: t22

..................* --- AtomExpNode --- *

type: INT
text: t21

..............* --- PureStmtNode --- *


................* --- AssignExpNode --- *

type: INT

..................* --- AtomExpNode --- *

type: INT
text: t23

..................* --- AtomExpNode --- *

type: INT
text: t22

..............* --- PureStmtNode --- *


................* --- AssignExpNode --- *

type: INT

..................* --- AtomExpNode --- *

type: INT
text: t24

..................* --- AtomExpNode --- *

type: INT
text: t23

..............* --- PureStmtNode --- *


................* --- AssignExpNode --- *

type: INT

..................* --- AtomExpNode --- *

type: INT
text: t25

..................* --- AtomExpNode --- *

type: INT
text: t24

..............* --- PureStmtNode --- *


................* --- AssignExpNode --- *

type: INT

..................* --- AtomExpNode --- *

type: INT
text: t26

..................* --- AtomExpNode --- *

type: INT
text: t25

..............* --- PureStmtNode --- *


................* --- AssignExpNode --- *

type: INT

..................* --- AtomExpNode --- *

type: INT
text: t27

..................* --- AtomExpNode --- *

type: INT
text: t26

..............* --- PureStmtNode --- *


................* --- AssignExpNode --- *

type: INT

..................* --- AtomExpNode --- *

type: INT
text: t28

..................* --- AtomExpNode --- *

type: INT
text: t27

..............* --- PureStmtNode --- *


................* --- AssignExpNode --- *

type: INT

..................* --- AtomExpNode --- *

type: INT
text: t29

..................* --- AtomExpNode --- *

type: INT
text: t28

..............* --- PureStmtNode --- *


................* --- AssignExpNode --- *

type: INT

..................* --- AtomExpNode --- *

type: INT
text: t30

..................* --- AtomExpNode --- *

type: INT
text: t29

..............* --- PureStmtNode --- *


................* --- AssignExpNode --- *

type: INT

..................* --- AtomExpNode --- *

type: INT
text: t31

..................* --- AtomExpNode --- *

type: INT
text: t30

..............* --- PureStmtNode --- *


................* --- AssignExpNode --- *

type: INT

..................* --- AtomExpNode --- *

type: INT
text: t32

..................* --- AtomExpNode --- *

type: INT
text: t31

..............* --- PureStmtNode --- *


................* --- AssignExpNode --- *

type: INT

..................* --- AtomExpNode --- *

type: INT
text: t33

..................* --- AtomExpNode --- *

type: INT
text: t32

..............* --- PureStmtNode --- *


................* --- AssignExpNode --- *

type: INT

..................* --- AtomExpNode --- *

type: INT
text: t34

..................* --- AtomExpNode --- *

type: INT
text: t33

..............* --- PureStmtNode --- *


................* --- AssignExpNode --- *

type: INT

..................* --- AtomExpNode --- *

type: INT
text: t35

..................* --- AtomExpNode --- *

type: INT
text: t34

..............* --- PureStmtNode --- *


................* --- AssignExpNode --- *

type: INT

..................* --- AtomExpNode --- *

type: INT
text: t36

..................* --- AtomExpNode --- *

type: INT
text: t35

..............* --- PureStmtNode --- *


................* --- AssignExpNode --- *

type: INT

..................* --- AtomExpNode --- *

type: INT
text: t37

..................* --- AtomExpNode --- *

type: INT
text: t36

..............* --- PureStmtNode --- *


................* --- AssignExpNode --- *

type: INT

..................* --- AtomExpNode --- *

type: INT
text: t38

..................* --- AtomExpNode --- *

type: INT
text: t37

..............* --- PureStmtNode --- *


................* --- AssignExpNode --- *

type: INT

..................* --- AtomExpNode --- *

type: INT
text: t39

..................* --- AtomExpNode --- *

type: INT
text: t38

..............* --- PureStmtNode --- *


................* --- AssignExpNode --- *

type: INT

..................* --- AtomExpNode --- *

type: INT
text: t40

..................* --- AtomExpNode --- *

type: INT
text: t39

..............* --- PureStmtNode --- *


................* --- AssignExpNode --- *

type: INT

..................* --- AtomExpNode --- *

type: INT
text: t41

..................* --- AtomExpNode --- *

type: INT
text: t40

..............* --- PureStmtNode --- *


................* --- AssignExpNode --- *

type: INT

..................* --- AtomExpNode --- *

type: INT
text: t42

..................* --- AtomExpNode --- *

type: INT
text: t41

..............* --- PureStmtNode --- *


................* --- AssignExpNode --- *

type: INT

..................* --- AtomExpNode --- *

type: INT
text: t43

..................* --- AtomExpNode --- *

type: INT
text: t42

..............* --- PureStmtNode --- *


................* --- AssignExpNode --- *

type: INT

..................* --- AtomExpNode --- *

type: INT
text: t44

..................* --- AtomExpNode --- *

type: INT
text: t43

..............* --- PureStmtNode --- *


................* --- AssignExpNode --- *

type: INT

..................* --- AtomExpNode --- *

type: INT
text: t45

..................* --- AtomExpNode --- *

type: INT
text: t44

..............* --- PureStmtNode --- *


................* --- AssignExpNode --- *

type: INT

..................* --- AtomExpNode --- *

type: INT
text: t46

..................* --- AtomExpNode --- *

type: INT
text: t45

..............* --- PureStmtNode --- *


................* --- AssignExpNode --- *

type: INT

..................* --- AtomExpNode --- *

type: INT
text: t47

..................* --- AtomExpNode --- *

type: INT
text: t46

..............* --- PureStmtNode --- *


................* --- AssignExpNode --- *

type: INT

..................* --- AtomExpNode --- *

type: INT
text: t48

..................* --- AtomExpNode --- *

type: INT
text: t47

..............* --- PureStmtNode --- *


................* --- AssignExpNode --- *

type: INT

..................* --- AtomExpNode --- *

type: INT
text: t49

..................* --- AtomExpNode --- *

type: INT
text: t48

..............* --- PureStmtNode --- *


................* --- AssignExpNode --- *

type: INT

..................* --- AtomExpNode --- *

type: INT
text: t1

..................* --- AtomExpNode --- *

type: INT
text: t0

..............* --- PureStmtNode --- *


................* --- AssignExpNode --- *

type: INT

..................* --- AtomExpNode --- *

type: INT
text: t2

..................* --- AtomExpNode --- *

type: INT
text: t1

..............* --- PureStmtNode --- *


................* --- AssignExpNode --- *

type: INT

..................* --- AtomExpNode --- *

type: INT
text: t3

..................* --- AtomExpNode --- *

type: INT
text: t2

..............* --- PureStmtNode --- *


................* --- AssignExpNode --- *

type: INT

..................* --- AtomExpNode --- *

type: INT
text: t4

..................* --- AtomExpNode --- *

type: INT
text: t3

..............* --- PureStmtNode --- *


................* --- AssignExpNode --- *

type: INT

..................* --- AtomExpNode --- *

type: INT
text: t5

..................* --- AtomExpNode --- *

type: INT
text: t4

..............* --- PureStmtNode --- *


................* --- AssignExpNode --- *

type: INT

..................* --- AtomExpNode --- *

type: INT
text: t6

..................* --- AtomExpNode --- *

type: INT
text: t5

..............* --- PureStmtNode --- *


................* --- AssignExpNode --- *

type: INT

..................* --- AtomExpNode --- *

type: INT
text: t7

..................* --- AtomExpNode --- *

type: INT
text: t6

..............* --- PureStmtNode --- *


................* --- AssignExpNode --- *

type: INT

..................* --- AtomExpNode --- *

type: INT
text: t8

..................* --- AtomExpNode --- *

type: INT
text: t7

..............* --- PureStmtNode --- *


................* --- AssignExpNode --- *

type: INT

..................* --- AtomExpNode --- *

type: INT
text: t9

..................* --- AtomExpNode --- *

type: INT
text: t8

..............* --- PureStmtNode --- *


................* --- AssignExpNode --- *

type: INT

..................* --- AtomExpNode --- *

type: INT
text: t10

..................* --- AtomExpNode --- *

type: INT
text: t9

..............* --- PureStmtNode --- *


................* --- AssignExpNode --- *

type: INT

..................* --- AtomExpNode --- *

type: INT
text: t11

..................* --- AtomExpNode --- *

type: INT
text: t10

..............* --- PureStmtNode --- *


................* --- AssignExpNode --- *

type: INT

..................* --- AtomExpNode --- *

type: INT
text: t12

..................* --- AtomExpNode --- *

type: INT
text: t11

..............* --- PureStmtNode --- *


................* --- AssignExpNode --- *

type: INT

..................* --- AtomExpNode --- *

type: INT
text: t13

..................* --- AtomExpNode --- *

type: INT
text: t12

..............* --- PureStmtNode --- *


................* --- AssignExpNode --- *

type: INT

..................* --- AtomExpNode --- *

type: INT
text: t14

..................* --- AtomExpNode --- *

type: INT
text: t13

..............* --- PureStmtNode --- *


................* --- AssignExpNode --- *

type: INT

..................* --- AtomExpNode --- *

type: INT
text: t15

..................* --- AtomExpNode --- *

type: INT
text: t14

..............* --- PureStmtNode --- *


................* --- AssignExpNode --- *

type: INT

..................* --- AtomExpNode --- *

type: INT
text: t16

..................* --- AtomExpNode --- *

type: INT
text: t15

..............* --- PureStmtNode --- *


................* --- AssignExpNode --- *

type: INT

..................* --- AtomExpNode --- *

type: INT
text: t17

..................* --- AtomExpNode --- *

type: INT
text: t16

..............* --- PureStmtNode --- *


................* --- AssignExpNode --- *

type: INT

..................* --- AtomExpNode --- *

type: INT
text: t18

..................* --- AtomExpNode --- *

type: INT
text: t17

..............* --- PureStmtNode --- *


................* --- AssignExpNode --- *

type: INT

..................* --- AtomExpNode --- *

type: INT
text: t19

..................* --- AtomExpNode --- *

type: INT
text: t18

..............* --- PureStmtNode --- *


................* --- AssignExpNode --- *

type: INT

..................* --- AtomExpNode --- *

type: INT
text: t20

..................* --- AtomExpNode --- *

type: INT
text: t19

..............* --- PureStmtNode --- *


................* --- AssignExpNode --- *

type: INT

..................* --- AtomExpNode --- *

type: INT
text: t21

..................* --- AtomExpNode --- *

type: INT
text: t20

..............* --- PureStmtNode --- *


................* --- AssignExpNode --- *

type: INT

..................* --- AtomExpNode --- *

type: INT
text: t22

..................* --- AtomExpNode --- *

type: INT
text: t21

..............* --- PureStmtNode --- *


................* --- AssignExpNode --- *

type: INT

..................* --- AtomExpNode --- *

type: INT
text: t23

..................* --- AtomExpNode --- *

type: INT
text: t22

..............* --- PureStmtNode --- *


................* --- AssignExpNode --- *

type: INT

..................* --- AtomExpNode --- *

type: INT
text: t24

..................* --- AtomExpNode --- *

type: INT
text: t23

..............* --- PureStmtNode --- *


................* --- AssignExpNode --- *

type: INT

..................* --- AtomExpNode --- *

type: INT
text: t25

..................* --- AtomExpNode --- *

type: INT
text: t24

..............* --- PureStmtNode --- *


................* --- AssignExpNode --- *

type: INT

..................* --- AtomExpNode --- *

type: INT
text: t26

..................* --- AtomExpNode --- *

type: INT
text: t25

..............* --- PureStmtNode --- *


................* --- AssignExpNode --- *

type: INT

..................* --- AtomExpNode --- *

type: INT
text: t27

..................* --- AtomExpNode --- *

type: INT
text: t26

..............* --- PureStmtNode --- *


................* --- AssignExpNode --- *

type: INT

..................* --- AtomExpNode --- *

type: INT
text: t28

..................* --- AtomExpNode --- *

type: INT
text: t27

..............* --- PureStmtNode --- *


................* --- AssignExpNode --- *

type: INT

..................* --- AtomExpNode --- *

type: INT
text: t29

..................* --- AtomExpNode --- *

type: INT
text: t28

..............* --- PureStmtNode --- *


................* --- AssignExpNode --- *

type: INT

..................* --- AtomExpNode --- *

type: INT
text: t30

..................* --- AtomExpNode --- *

type: INT
text: t29

..............* --- PureStmtNode --- *


................* --- AssignExpNode --- *

type: INT

..................* --- AtomExpNode --- *

type: INT
text: t31

..................* --- AtomExpNode --- *

type: INT
text: t30

..............* --- PureStmtNode --- *


................* --- AssignExpNode --- *

type: INT

..................* --- AtomExpNode --- *

type: INT
text: t32

..................* --- AtomExpNode --- *

type: INT
text: t31

..............* --- PureStmtNode --- *


................* --- AssignExpNode --- *

type: INT

..................* --- AtomExpNode --- *

type: INT
text: t33

..................* --- AtomExpNode --- *

type: INT
text: t32

..............* --- PureStmtNode --- *


................* --- AssignExpNode --- *

type: INT

..................* --- AtomExpNode --- *

type: INT
text: t34

..................* --- AtomExpNode --- *

type: INT
text: t33

..............* --- PureStmtNode --- *


................* --- AssignExpNode --- *

type: INT

..................* --- AtomExpNode --- *

type: INT
text: t35

..................* --- AtomExpNode --- *

type: INT
text: t34

..............* --- PureStmtNode --- *


................* --- AssignExpNode --- *

type: INT

..................* --- AtomExpNode --- *

type: INT
text: t36

..................* --- AtomExpNode --- *

type: INT
text: t35

..............* --- PureStmtNode --- *


................* --- AssignExpNode --- *

type: INT

..................* --- AtomExpNode --- *

type: INT
text: t37

..................* --- AtomExpNode --- *

type: INT
text: t36

..............* --- PureStmtNode --- *


................* --- AssignExpNode --- *

type: INT

..................* --- AtomExpNode --- *

type: INT
text: t38

..................* --- AtomExpNode --- *

type: INT
text: t37

..............* --- PureStmtNode --- *


................* --- AssignExpNode --- *

type: INT

..................* --- AtomExpNode --- *

type: INT
text: t39

..................* --- AtomExpNode --- *

type: INT
text: t38

..............* --- PureStmtNode --- *


................* --- AssignExpNode --- *

type: INT

..................* --- AtomExpNode --- *

type: INT
text: t40

..................* --- AtomExpNode --- *

type: INT
text: t39

..............* --- PureStmtNode --- *


................* --- AssignExpNode --- *

type: INT

..................* --- AtomExpNode --- *

type: INT
text: t41

..................* --- AtomExpNode --- *

type: INT
text: t40

..............* --- PureStmtNode --- *


................* --- AssignExpNode --- *

type: INT

..................* --- AtomExpNode --- *

type: INT
text: t42

..................* --- AtomExpNode --- *

type: INT
text: t41

..............* --- PureStmtNode --- *


................* --- AssignExpNode --- *

type: INT

..................* --- AtomExpNode --- *

type: INT
text: t43

..................* --- AtomExpNode --- *

type: INT
text: t42

..............* --- PureStmtNode --- *


................* --- AssignExpNode --- *

type: INT

..................* --- AtomExpNode --- *

type: INT
text: t44

..................* --- AtomExpNode --- *

type: INT
text: t43

..............* --- PureStmtNode --- *


................* --- AssignExpNode --- *

type: INT

..................* --- AtomExpNode --- *

type: INT
text: t45

..................* --- AtomExpNode --- *

type: INT
text: t44

..............* --- PureStmtNode --- *


................* --- AssignExpNode --- *

type: INT

..................* --- AtomExpNode --- *

type: INT
text: t46

..................* --- AtomExpNode --- *

type: INT
text: t45

..............* --- PureStmtNode --- *


................* --- AssignExpNode --- *

type: INT

..................* --- AtomExpNode --- *

type: INT
text: t47

..................* --- AtomExpNode --- *

type: INT
text: t46

..............* --- PureStmtNode --- *


................* --- AssignExpNode --- *

type: INT

..................* --- AtomExpNode --- *

type: INT
text: t48

..................* --- AtomExpNode --- *

type: INT
text: t47

..............* --- PureStmtNode --- *


................* --- AssignExpNode --- *

type: INT

..................* --- AtomExpNode --- *

type: INT
text: t49

..................* --- AtomExpNode --- *

type: INT
text: t48

..............* --- PureStmtNode --- *


................* --- AssignExpNode --- *

type: INT

..................* --- AtomExpNode --- *

type: INT
text: t1

..................* --- AtomExpNode --- *

type: INT
text: t0

..............* --- PureStmtNode --- *


................* --- AssignExpNode --- *

type: INT

..................* --- AtomExpNode --- *

type: INT
text: t2

..................* --- AtomExpNode --- *

type: INT
text: t1

..............* --- PureStmtNode --- *


................* --- AssignExpNode --- *

type: INT

..................* --- AtomExpNode --- *

type: INT
text: t3

..................* --- AtomExpNode --- *

type: INT
text: t2

..............* --- PureStmtNode --- *


................* --- AssignExpNode --- *

type: INT

..................* --- AtomExpNode --- *

type: INT
text: t4

..................* --- AtomExpNode --- *

type: INT
text: t3

..............* --- PureStmtNode --- *


................* --- AssignExpNode --- *

type: INT

..................* --- AtomExpNode --- *

type: INT
text: t5

..................* --- AtomExpNode --- *

type: INT
text: t4

..............* --- PureStmtNode --- *


................* --- AssignExpNode --- *

type: INT

..................* --- AtomExpNode --- *

type: INT
text: t6

..................* --- AtomExpNode --- *

type: INT
text: t5

..............* --- PureStmtNode --- *


................* --- AssignExpNode --- *

type: INT

..................* --- AtomExpNode --- *

type: INT
text: t7

..................* --- AtomExpNode --- *

type: INT
text: t6

..............* --- PureStmtNode --- *


................* --- AssignExpNode --- *

type: INT

..................* --- AtomExpNode --- *

type: INT
text: t8

..................* --- AtomExpNode --- *

type: INT
text: t7

..............* --- PureStmtNode --- *


................* --- AssignExpNode --- *

type: INT

..................* --- AtomExpNode --- *

type: INT
text: t9

..................* --- AtomExpNode --- *

type: INT
text: t8

..............* --- PureStmtNode --- *


................* --- AssignExpNode --- *

type: INT

..................* --- AtomExpNode --- *

type: INT
text: t10

..................* --- AtomExpNode --- *

type: INT
text: t9

..............* --- PureStmtNode --- *


................* --- AssignExpNode --- *

type: INT

..................* --- AtomExpNode --- *

type: INT
text: t11

..................* --- AtomExpNode --- *

type: INT
text: t10

..............* --- PureStmtNode --- *


................* --- AssignExpNode --- *

type: INT

..................* --- AtomExpNode --- *

type: INT
text: t12

..................* --- AtomExpNode --- *

type: INT
text: t11

..............* --- PureStmtNode --- *


................* --- AssignExpNode --- *

type: INT

..................* --- AtomExpNode --- *

type: INT
text: t13

..................* --- AtomExpNode --- *

type: INT
text: t12

..............* --- PureStmtNode --- *


................* --- AssignExpNode --- *

type: INT

..................* --- AtomExpNode --- *

type: INT
text: t14

..................* --- AtomExpNode --- *

type: INT
text: t13

..............* --- PureStmtNode --- *


................* --- AssignExpNode --- *

type: INT

..................* --- AtomExpNode --- *

type: INT
text: t15

..................* --- AtomExpNode --- *

type: INT
text: t14

..............* --- PureStmtNode --- *


................* --- AssignExpNode --- *

type: INT

..................* --- AtomExpNode --- *

type: INT
text: t16

..................* --- AtomExpNode --- *

type: INT
text: t15

..............* --- PureStmtNode --- *


................* --- AssignExpNode --- *

type: INT

..................* --- AtomExpNode --- *

type: INT
text: t17

..................* --- AtomExpNode --- *

type: INT
text: t16

..............* --- PureStmtNode --- *


................* --- AssignExpNode --- *

type: INT

..................* --- AtomExpNode --- *

type: INT
text: t18

..................* --- AtomExpNode --- *

type: INT
text: t17

..............* --- PureStmtNode --- *


................* --- AssignExpNode --- *

type: INT

..................* --- AtomExpNode --- *

type: INT
text: t19

..................* --- AtomExpNode --- *

type: INT
text: t18

..............* --- PureStmtNode --- *


................* --- AssignExpNode --- *

type: INT

..................* --- AtomExpNode --- *

type: INT
text: t20

..................* --- AtomExpNode --- *

type: INT
text: t19

..............* --- PureStmtNode --- *


................* --- AssignExpNode --- *

type: INT

..................* --- AtomExpNode --- *

type: INT
text: t21

..................* --- AtomExpNode --- *

type: INT
text: t20

..............* --- PureStmtNode --- *


................* --- AssignExpNode --- *

type: INT

..................* --- AtomExpNode --- *

type: INT
text: t22

..................* --- AtomExpNode --- *

type: INT
text: t21

..............* --- PureStmtNode --- *


................* --- AssignExpNode --- *

type: INT

..................* --- AtomExpNode --- *

type: INT
text: t23

..................* --- AtomExpNode --- *

type: INT
text: t22

..............* --- PureStmtNode --- *


................* --- AssignExpNode --- *

type: INT

..................* --- AtomExpNode --- *

type: INT
text: t24

..................* --- AtomExpNode --- *

type: INT
text: t23

..............* --- PureStmtNode --- *


................* --- AssignExpNode --- *

type: INT

..................* --- AtomExpNode --- *

type: INT
text: t25

..................* --- AtomExpNode --- *

type: INT
text: t24

..............* --- PureStmtNode --- *


................* --- AssignExpNode --- *

type: INT

..................* --- AtomExpNode --- *

type: INT
text: t26

..................* --- AtomExpNode --- *

type: INT
text: t25

..............* --- PureStmtNode --- *


................* --- AssignExpNode --- *

type: INT

..................* --- AtomExpNode --- *

type: INT
text: t27

..................* --- AtomExpNode --- *

type: INT
text: t26

..............* --- PureStmtNode --- *


................* --- AssignExpNode --- *

type: INT

..................* --- AtomExpNode --- *

type: INT
text: t28

..................* --- AtomExpNode --- *

type: INT
text: t27

..............* --- PureStmtNode --- *


................* --- AssignExpNode --- *

type: INT

..................* --- AtomExpNode --- *

type: INT
text: t29

..................* --- AtomExpNode --- *

type: INT
text: t28

..............* --- PureStmtNode --- *


................* --- AssignExpNode --- *

type: INT

..................* --- AtomExpNode --- *

type: INT
text: t30

..................* --- AtomExpNode --- *

type: INT
text: t29

..............* --- PureStmtNode --- *


................* --- AssignExpNode --- *

type: INT

..................* --- AtomExpNode --- *

type: INT
text: t31

..................* --- AtomExpNode --- *

type: INT
text: t30

..............* --- PureStmtNode --- *


................* --- AssignExpNode --- *

type: INT

..................* --- AtomExpNode --- *

type: INT
text: t32

..................* --- AtomExpNode --- *

type: INT
text: t31

..............* --- PureStmtNode --- *


................* --- AssignExpNode --- *

type: INT

..................* --- AtomExpNode --- *

type: INT
text: t33

..................* --- AtomExpNode --- *

type: INT
text: t32

..............* --- PureStmtNode --- *


................* --- AssignExpNode --- *

type: INT

..................* --- AtomExpNode --- *

type: INT
text: t34

..................* --- AtomExpNode --- *

type: INT
text: t33

..............* --- PureStmtNode --- *


................* --- AssignExpNode --- *

type: INT

..................* --- AtomExpNode --- *

type: INT
text: t35

..................* --- AtomExpNode --- *

type: INT
text: t34

..............* --- PureStmtNode --- *


................* --- AssignExpNode --- *

type: INT

..................* --- AtomExpNode --- *

type: INT
text: t36

..................* --- AtomExpNode --- *

type: INT
text: t35

..............* --- PureStmtNode --- *


................* --- AssignExpNode --- *

type: INT

..................* --- AtomExpNode --- *

type: INT
text: t37

..................* --- AtomExpNode --- *

type: INT
text: t36

..............* --- PureStmtNode --- *


................* --- AssignExpNode --- *

type: INT

..................* --- AtomExpNode --- *

type: INT
text: t38

..................* --- AtomExpNode --- *

type: INT
text: t37

..............* --- PureStmtNode --- *


................* --- AssignExpNode --- *

type: INT

..................* --- AtomExpNode --- *

type: INT
text: t39

..................* --- AtomExpNode --- *

type: INT
text: t38

..............* --- PureStmtNode --- *


................* --- AssignExpNode --- *

type: INT

..................* --- AtomExpNode --- *

type: INT
text: t40

..................* --- AtomExpNode --- *

type: INT
text: t39

..............* --- PureStmtNode --- *


................* --- AssignExpNode --- *

type: INT

..................* --- AtomExpNode --- *

type: INT
text: t41

..................* --- AtomExpNode --- *

type: INT
text: t40

..............* --- PureStmtNode --- *


................* --- AssignExpNode --- *

type: INT

..................* --- AtomExpNode --- *

type: INT
text: t42

..................* --- AtomExpNode --- *

type: INT
text: t41

..............* --- PureStmtNode --- *


................* --- AssignExpNode --- *

type: INT

..................* --- AtomExpNode --- *

type: INT
text: t43

..................* --- AtomExpNode --- *

type: INT
text: t42

..............* --- PureStmtNode --- *


................* --- AssignExpNode --- *

type: INT

..................* --- AtomExpNode --- *

type: INT
text: t44

..................* --- AtomExpNode --- *

type: INT
text: t43

..............* --- PureStmtNode --- *


................* --- AssignExpNode --- *

type: INT

..................* --- AtomExpNode --- *

type: INT
text: t45

..................* --- AtomExpNode --- *

type: INT
text: t44

..............* --- PureStmtNode --- *


................* --- AssignExpNode --- *

type: INT

..................* --- AtomExpNode --- *

type: INT
text: t46

..................* --- AtomExpNode --- *

type: INT
text: t45

..............* --- PureStmtNode --- *


................* --- AssignExpNode --- *

type: INT

..................* --- AtomExpNode --- *

type: INT
text: t47

..................* --- AtomExpNode --- *

type: INT
text: t46

..............* --- PureStmtNode --- *


................* --- AssignExpNode --- *

type: INT

..................* --- AtomExpNode --- *

type: INT
text: t48

..................* --- AtomExpNode --- *

type: INT
text: t47

..............* --- PureStmtNode --- *


................* --- AssignExpNode --- *

type: INT

..................* --- AtomExpNode --- *

type: INT
text: t49

..................* --- AtomExpNode --- *

type: INT
text: t48

..............* --- PureStmtNode --- *


................* --- AssignExpNode --- *

type: INT

..................* --- AtomExpNode --- *

type: INT
text: t1

..................* --- AtomExpNode --- *

type: INT
text: t0

..............* --- PureStmtNode --- *


................* --- AssignExpNode --- *

type: INT

..................* --- AtomExpNode --- *

type: INT
text: t2

..................* --- AtomExpNode --- *

type: INT
text: t1

..............* --- PureStmtNode --- *


................* --- AssignExpNode --- *

type: INT

..................* --- AtomExpNode --- *

type: INT
text: t3

..................* --- AtomExpNode --- *

type: INT
text: t2

..............* --- PureStmtNode --- *


................* --- AssignExpNode --- *

type: INT

..................* --- AtomExpNode --- *

type: INT
text: t4

..................* --- AtomExpNode --- *

type: INT
text: t3

..............* --- PureStmtNode --- *


................* --- AssignExpNode --- *

type: INT

..................* --- AtomExpNode --- *

type: INT
text: t5

..................* --- AtomExpNode --- *

type: INT
text: t4

..............* --- PureStmtNode --- *


................* --- AssignExpNode --- *

type: INT

..................* --- AtomExpNode --- *

type: INT
text: t6

..................* --- AtomExpNode --- *

type: INT
text: t5

..............* --- PureStmtNode --- *


................* --- AssignExpNode --- *

type: INT

..................* --- AtomExpNode --- *

type: INT
text: t7

..................* --- AtomExpNode --- *

type: INT
text: t6

..............* --- PureStmtNode --- *


................* --- AssignExpNode --- *

type: INT

..................* --- AtomExpNode --- *

type: INT
text: t8

..................* --- AtomExpNode --- *

type: INT
text: t7

..............* --- PureStmtNode --- *


................* --- AssignExpNode --- *

type: INT

..................* --- AtomExpNode --- *

type: INT
text: t9

..................* --- AtomExpNode --- *

type: INT
text: t8

..............* --- PureStmtNode --- *


................* --- AssignExpNode --- *

type: INT

..................* --- AtomExpNode --- *

type: INT
text: t10

..................* --- AtomExpNode --- *

type: INT
text: t9

..............* --- PureStmtNode --- *


................* --- AssignExpNode --- *

type: INT

..................* --- AtomExpNode --- *

type: INT
text: t11

..................* --- AtomExpNode --- *

type: INT
text: t10

..............* --- PureStmtNode --- *


................* --- AssignExpNode --- *

type: INT

..................* --- AtomExpNode --- *

type: INT
text: t12

..................* --- AtomExpNode --- *

type: INT
text: t11

..............* --- PureStmtNode --- *


................* --- AssignExpNode --- *

type: INT

..................* --- AtomExpNode --- *

type: INT
text: t13

..................* --- AtomExpNode --- *

type: INT
text: t12

..............* --- PureStmtNode --- *


................* --- AssignExpNode --- *

type: INT

..................* --- AtomExpNode --- *

type: INT
text: t14

..................* --- AtomExpNode --- *

type: INT
text: t13

..............* --- PureStmtNode --- *


................* --- AssignExpNode --- *

type: INT

..................* --- AtomExpNode --- *

type: INT
text: t15

..................* --- AtomExpNode --- *

type: INT
text: t14

..............* --- PureStmtNode --- *


................* --- AssignExpNode --- *

type: INT

..................* --- AtomExpNode --- *

type: INT
text: t16

..................* --- AtomExpNode --- *

type: INT
text: t15

..............* --- PureStmtNode --- *


................* --- AssignExpNode --- *

type: INT

..................* --- AtomExpNode --- *

type: INT
text: t17

..................* --- AtomExpNode --- *

type: INT
text: t16

..............* --- PureStmtNode --- *


................* --- AssignExpNode --- *

type: INT

..................* --- AtomExpNode --- *

type: INT
text: t18

..................* --- AtomExpNode --- *

type: INT
text: t17

..............* --- PureStmtNode --- *


................* --- AssignExpNode --- *

type: INT

..................* --- AtomExpNode --- *

type: INT
text: t19

..................* --- AtomExpNode --- *

type: INT
text: t18

..............* --- PureStmtNode --- *


................* --- AssignExpNode --- *

type: INT

..................* --- AtomExpNode --- *

type: INT
text: t20

..................* --- AtomExpNode --- *

type: INT
text: t19

..............* --- PureStmtNode --- *


................* --- AssignExpNode --- *

type: INT

..................* --- AtomExpNode --- *

type: INT
text: t21

..................* --- AtomExpNode --- *

type: INT
text: t20

..............* --- PureStmtNode --- *


................* --- AssignExpNode --- *

type: INT

..................* --- AtomExpNode --- *

type: INT
text: t22

..................* --- AtomExpNode --- *

type: INT
text: t21

..............* --- PureStmtNode --- *


................* --- AssignExpNode --- *

type: INT

..................* --- AtomExpNode --- *

type: INT
text: t23

..................* --- AtomExpNode --- *

type: INT
text: t22

..............* --- PureStmtNode --- *


................* --- AssignExpNode --- *

type: INT

..................* --- AtomExpNode --- *

type: INT
text: t24

..................* --- AtomExpNode --- *

type: INT
text: t23

..............* --- PureStmtNode --- *


................* --- AssignExpNode --- *

type: INT

..................* --- AtomExpNode --- *

type: INT
text: t25

..................* --- AtomExpNode --- *

type: INT
text: t24

..............* --- PureStmtNode --- *


................* --- AssignExpNode --- *

type: INT

..................* --- AtomExpNode --- *

type: INT
text: t26

..................* --- AtomExpNode --- *

type: INT
text: t25

..............* --- PureStmtNode --- *


................* --- AssignExpNode --- *

type: INT

..................* --- AtomExpNode --- *

type: INT
text: t27

..................* --- AtomExpNode --- *

type: INT
text: t26

..............* --- PureStmtNode --- *


................* --- AssignExpNode --- *

type: INT

..................* --- AtomExpNode --- *

type: INT
text: t28

..................* --- AtomExpNode --- *

type: INT
text: t27

..............* --- PureStmtNode --- *


................* --- AssignExpNode --- *

type: INT

..................* --- AtomExpNode --- *

type: INT
text: t29

..................* --- AtomExpNode --- *

type: INT
text: t28

..............* --- PureStmtNode --- *


................* --- AssignExpNode --- *

type: INT

..................* --- AtomExpNode --- *

type: INT
text: t30

..................* --- AtomExpNode --- *

type: INT
text: t29

..............* --- PureStmtNode --- *


................* --- AssignExpNode --- *

type: INT

..................* --- AtomExpNode --- *

type: INT
text: t31

..................* --- AtomExpNode --- *

type: INT
text: t30

..............* --- PureStmtNode --- *


................* --- AssignExpNode --- *

type: INT

..................* --- AtomExpNode --- *

type: INT
text: t32

..................* --- AtomExpNode --- *

type: INT
text: t31

..............* --- PureStmtNode --- *


................* --- AssignExpNode --- *

type: INT

..................* --- AtomExpNode --- *

type: INT
text: t33

..................* --- AtomExpNode --- *

type: INT
text: t32

..............* --- PureStmtNode --- *


................* --- AssignExpNode --- *

type: INT

..................* --- AtomExpNode --- *

type: INT
text: t34

..................* --- AtomExpNode --- *

type: INT
text: t33

..............* --- PureStmtNode --- *


................* --- AssignExpNode --- *

type: INT

..................* --- AtomExpNode --- *

type: INT
text: t35

..................* --- AtomExpNode --- *

type: INT
text: t34

..............* --- PureStmtNode --- *


................* --- AssignExpNode --- *

type: INT

..................* --- AtomExpNode --- *

type: INT
text: t36

..................* --- AtomExpNode --- *

type: INT
text: t35

..............* --- PureStmtNode --- *


................* --- AssignExpNode --- *

type: INT

..................* --- AtomExpNode --- *

type: INT
text: t37

..................* --- AtomExpNode --- *

type: INT
text: t36

..............* --- PureStmtNode --- *


................* --- AssignExpNode --- *

type: INT

..................* --- AtomExpNode --- *

type: INT
text: t38

..................* --- AtomExpNode --- *

type: INT
text: t37

..............* --- PureStmtNode --- *


................* --- AssignExpNode --- *

type: INT

..................* --- AtomExpNode --- *

type: INT
text: t39

..................* --- AtomExpNode --- *

type: INT
text: t38

..............* --- PureStmtNode --- *


................* --- AssignExpNode --- *

type: INT

..................* --- AtomExpNode --- *

type: INT
text: t40

..................* --- AtomExpNode --- *

type: INT
text: t39

..............* --- PureStmtNode --- *


................* --- AssignExpNode --- *

type: INT

..................* --- AtomExpNode --- *

type: INT
text: t41

..................* --- AtomExpNode --- *

type: INT
text: t40

..............* --- PureStmtNode --- *


................* --- AssignExpNode --- *

type: INT

..................* --- AtomExpNode --- *

type: INT
text: t42

..................* --- AtomExpNode --- *

type: INT
text: t41

..............* --- PureStmtNode --- *


................* --- AssignExpNode --- *

type: INT

..................* --- AtomExpNode --- *

type: INT
text: t43

..................* --- AtomExpNode --- *

type: INT
text: t42

..............* --- PureStmtNode --- *


................* --- AssignExpNode --- *

type: INT

..................* --- AtomExpNode --- *

type: INT
text: t44

..................* --- AtomExpNode --- *

type: INT
text: t43

..............* --- PureStmtNode --- *


................* --- AssignExpNode --- *

type: INT

..................* --- AtomExpNode --- *

type: INT
text: t45

..................* --- AtomExpNode --- *

type: INT
text: t44

..............* --- PureStmtNode --- *


................* --- AssignExpNode --- *

type: INT

..................* --- AtomExpNode --- *

type: INT
text: t46

..................* --- AtomExpNode --- *

type: INT
text: t45

..............* --- PureStmtNode --- *


................* --- AssignExpNode --- *

type: INT

..................* --- AtomExpNode --- *

type: INT
text: t47

..................* --- AtomExpNode --- *

type: INT
text: t46

..............* --- PureStmtNode --- *


................* --- AssignExpNode --- *

type: INT

..................* --- AtomExpNode --- *

type: INT
text: t48

..................* --- AtomExpNode --- *

type: INT
text: t47

..............* --- PureStmtNode --- *


................* --- AssignExpNode --- *

type: INT

..................* --- AtomExpNode --- *

type: INT
text: t49

..................* --- AtomExpNode --- *

type: INT
text: t48

..............* --- IfStmtNode --- *

condi: 

................* --- BinaryExpNode --- *

type: BOOL
op: !=

..................* --- AtomExpNode --- *

type: INT
text: t49

..................* --- AtomExpNode --- *

type: INT
text: 0
if true: 

................* --- SuiteStmtNode --- *


..................* --- SuiteNode --- *

[NormalScope]
VarTable: {}

....................* --- PureStmtNode --- *


......................* --- AssignExpNode --- *

type: INT

........................* --- AtomExpNode --- *

type: INT
text: k

........................* --- AtomExpNode --- *

type: INT
text: t49
else: 

........* --- ReturnStmtNode --- *


..........* --- AtomExpNode --- *

type: INT
text: k

....* --- FuncDefNode --- *

[FuncRegistry] name: main type: func, retType:INT args:

......* --- SuiteNode --- *

[NormalScope]
VarTable: {ret=[VarRegistry] INT|ret}

........* --- PureStmtNode --- *


..........* --- AssignExpNode --- *

type: INT

............* --- AtomExpNode --- *

type: INT
text: n

............* --- AtomExpNode --- *

type: INT
text: 100

........* --- VarDefStmtNode --- *


..........* --- VarDefSingleNode --- *

[VarRegistry] INT|ret

............* --- FuncCallExpNode --- *

type: INT

..............* --- AtomExpNode --- *

type: func, retType:INT args:
text: test

........* --- PureStmtNode --- *


..........* --- AssignExpNode --- *

type: INT

............* --- AtomExpNode --- *

type: INT
text: n

............* --- AtomExpNode --- *

type: INT
text: 200

........* --- ReturnStmtNode --- *


..........* --- BinaryExpNode --- *

type: INT
op: -

............* --- BinaryExpNode --- *

type: INT
op: +

..............* --- AtomExpNode --- *

type: INT
text: ret

..............* --- FuncCallExpNode --- *

type: INT

................* --- AtomExpNode --- *

type: func, retType:INT args:
text: test

............* --- AtomExpNode --- *

type: INT
text: 300
